<?xml version="1.0" encoding="UTF-8"?>
<!-- Generated by org.testng.reporters.JUnitXMLReporter -->
<testsuite hostname="Balaji" ignored="0" name="Default test" tests="4" failures="0" timestamp="29 Jan 2018 09:55:16 GMT" time="101.003" errors="0">
  <testcase name="f" time="12.003" classname="Calculator.Calculator.ExampleTest3"/>
  <testcase name="f" time="8.203" classname="Calculator.Calculator.ExampleTest3"/>
  <testcase name="f" time="7.963" classname="Calculator.Calculator.ExampleTest3"/>
  <testcase name="f" time="7.188" classname="Calculator.Calculator.ExampleTest3"/>
</testsuite> <!-- Default test -->
