<?xml version="1.0" encoding="UTF-8"?>
<!-- Generated by org.testng.reporters.JUnitXMLReporter -->
<testsuite hostname="Balaji" ignored="0" name="Test" tests="4" failures="0" timestamp="05 Mar 2018 16:53:47 GMT" time="48.586" errors="0">
  <testcase name="f" time="8.955" classname="Calculator.Calculator.ExampleTest3"/>
  <testcase name="f" time="9.041" classname="Calculator.Calculator.ExampleTest3"/>
  <testcase name="f" time="9.276" classname="Calculator.Calculator.ExampleTest3"/>
  <testcase name="f" time="7.668" classname="Calculator.Calculator.ExampleTest3"/>
</testsuite> <!-- Test -->
